<?xml version="1.0" encoding="UTF-8"?>
<!-- Generated by org.testng.reporters.JUnitXMLReporter -->
<testsuite ignored="0" hostname="INMFQAIQE" failures="1" tests="2" name="Test" time="26.196" errors="0" timestamp="2023-05-25T16:23:01 IST">
  <testcase classname="com.yatra.testcases.HomePageTest" name="gettitle" time="0.153"/>
  <testcase classname="com.yatra.testcases.HomePageTest" name="searchFlight" time="17.409">
    <failure type="java.lang.AssertionError" message="expected [true] but found [false]">
      <![CDATA[java.lang.AssertionError: expected [true] but found [false]
at com.yatra.testcases.HomePageTest.searchFlight(HomePageTest.java:35)
at java.base/java.util.ArrayList.forEach(ArrayList.java:1511)
... Removed 33 stack frames]]>
    </failure>
  </testcase> <!-- searchFlight -->
</testsuite> <!-- Test -->
